<?xml version="1.0" encoding="UTF-8"?>
<!-- Generated by org.testng.reporters.JUnitReportReporter -->
<testsuite skipped="0" hostname="00777e79615b" name="tests.NavigateTest" tests="1" failures="0" timestamp="2022-06-16T10:20:02 GMT" time="24.523" errors="0">
  <testcase name="navigate" time="24.523" classname="tests.NavigateTest"/>
</testsuite> <!-- tests.NavigateTest -->
