<?xml version="1.0" encoding="UTF-8"?>
<!-- Generated by org.testng.reporters.JUnitReportReporter -->
<testsuite skipped="0" hostname="dc0c0abb487b" name="tests.LoginPageTest" tests="1" failures="0" timestamp="2022-06-22T19:33:43 GMT" time="6.464" errors="0">
  <testcase name="login" time="6.464" classname="tests.LoginPageTest"/>
</testsuite> <!-- tests.LoginPageTest -->
