<?xml version="1.0" encoding="UTF-8"?>
<!-- Generated by org.testng.reporters.JUnitReportReporter -->
<testsuite skipped="0" hostname="00777e79615b" name="tests.LoginPageTest" tests="1" failures="0" timestamp="2022-06-16T10:20:02 GMT" time="32.572" errors="0">
  <testcase name="login" time="32.572" classname="tests.LoginPageTest"/>
</testsuite> <!-- tests.LoginPageTest -->
